# CVS $Revision: 25136 $ $Author: amaitland $ -- Mon Sep 15 21:55:54 2014 -- reformated by prettylst.pl v1.51 (build 25129)
SOURCELONG:Darwin's World 2nd Edition - Survivor's Guide (v2.5)	SOURCESHORT:DW2_SG	SOURCEWEB:http://www.rpgobjects.com/index.php?page=dw	SOURCEDATE:2006-01

# Class Name	Hit Dice	Type				Abbreviation	Max Level	Source Page		Define						Combat bonus							Save bonus																															Modify VAR
CLASS:Barbarian	HD:12		TYPE:Base.Advanced	ABB:Bbn		MAXLEVEL:10	SOURCEPAGE:p.75	DEFINE:Reputation|0	DEFINE:Wealth|0	BONUS:COMBAT|BASEAB|classlevel("APPLIEDAS=NONEPIC")	BONUS:SAVE|BASE.Fortitude|(classlevel("APPLIEDAS=NONEPIC")+3)*2/5	BONUS:SAVE|BASE.Reflex|(classlevel("APPLIEDAS=NONEPIC")+3)*2/5	BONUS:SAVE|BASE.Will|classlevel("APPLIEDAS=NONEPIC")/3	BONUS:VAR|ClassDefense|(CL+1)/2	BONUS:VAR|Reputation|(CL-1)/4	BONUS:VAR|ActionLVL|CL	BONUS:VAR|Action|6+(CL/2)
# Class Name	Required Ability						Required Feat					Prohibited Feat					Required Skill		PRETOTALAB
CLASS:Barbarian	PREABILITY:1,CATEGORY=Background,Feral,Tribal	PREFEAT:1,Archaic Weapons Proficiency	!PREFEAT:1,Post-Apocalyptic Technology	PRESKILL:1,Survival=3	PRETOTALAB:3
# Class Name	Skill Pts/Lvl	Class Skill
CLASS:Barbarian	STARTSKILLPTS:3	CSKILL:Balance|Climb|Handle Animal|Hide|Intimidate|Jump|Listen|Move Silently|Navigate|Search|Spot|Survival

#  Barbarian Rage variables, for stacking with other classes in any which way...  - Tir Gwaith
#	BarbRageTimesLVL	For if a class stacks its levels with levels of Barbarian for Rages / day
#	BarbRagePowerLVL	For if a class stacks its levels with levels of Barbarian for Mighty Rage, Greater Rage, etc.
#	RageTimes		For if a class has it's own Rage / day progression.  This is a straight 'Rage / day' variable.
#	RageDuration	For if a class has it's onw Rage duration. This is a straight 'Number of rounds' variable.
###Block: Rage variables
1											BONUS:VAR|BarbRageTimesLVL|cl("Barbarian")	DEFINE:BarbRageTimesLVL|0
1											BONUS:VAR|BarbRagePowerLVL|cl("Barbarian")	DEFINE:BarbRagePowerLVL|0
1											BONUS:VAR|RageTimes|1					DEFINE:RageTimes|0
1																								AUTO:FEAT|Rage
1				BONUS:ABILITYPOOL|Barbarian Feat|(CL/3)
4											BONUS:VAR|RageTimes|1
7											BONUS:VAR|RageTimes|1
10											BONUS:VAR|RageTimes|1
###Block:
2	ABILITY:Barbarian Class Feature|AUTOMATIC|Barbarian ~ Junk Armor
5	ABILITY:Barbarian Class Feature|AUTOMATIC|Barbarian ~ Junk Weapon
8	ABILITY:Barbarian Class Feature|AUTOMATIC|Barbarian ~ Junk Mastery


# Class Name	Hit Dice	Type				Abbreviation	Max Level	Source Page		Define						Combat bonus							Save bonus																														Modify VAR
CLASS:Demagogue	HD:6		TYPE:Base.Advanced	ABB:Dem		MAXLEVEL:10	SOURCEPAGE:p.77	DEFINE:Reputation|0	DEFINE:Wealth|0	BONUS:COMBAT|BASEAB|classlevel("APPLIEDAS=NONEPIC")/2	BONUS:SAVE|BASE.Fortitude|(classlevel("APPLIEDAS=NONEPIC")+3)*2/5	BONUS:SAVE|BASE.Reflex|classlevel("APPLIEDAS=NONEPIC")/3	BONUS:SAVE|BASE.Will|classlevel("APPLIEDAS=NONEPIC")/2+2	BONUS:VAR|ClassDefense|(CL+1)/3	BONUS:VAR|Reputation|2+((CL-1)/3)	BONUS:VAR|ActionLVL|CL	BONUS:VAR|Action|6+(CL/2)
# Class Name	Required Skill									Required Text		PRETOTALAB
CLASS:Demagogue	PRESKILL:2,Diplomacy=6,Knowledge (Theology and Philosophy)=6	PRETEXT:One Allegiance	PRETOTALAB:3
# Class Name	Skill Pts/Lvl	Class Skill
CLASS:Demagogue	STARTSKILLPTS:5	CSKILL:Bluff|Concentration|Decipher Script|Diplomacy|Gather Information|Intimidate|Knowledge (Current Events)|Knowledge (Theology and Philosophy)|Listen|TYPE=Perform|Read/Write Language|Research|Sense Motive|Speak Language|Spot
1					BONUS:ABILITYPOOL|Demagogue Feat|(CL/3)
###Block:
1	ABILITY:Demagogue Class Feature|AUTOMATIC|Demagogue ~ Followers
2	ABILITY:Demagogue Class Feature|AUTOMATIC|Demagogue ~ Lead Followers
4	ABILITY:Demagogue Class Feature|AUTOMATIC|Demagogue ~ Zealots
5	ABILITY:Demagogue Class Feature|AUTOMATIC|Demagogue ~ Captivate Masses
7	ABILITY:Demagogue Class Feature|AUTOMATIC|Demagogue ~ Conversion
8	ABILITY:Demagogue Class Feature|AUTOMATIC|Demagogue ~ Improved Zealots
10	ABILITY:Demagogue Class Feature|AUTOMATIC|Demagogue ~ Mass Conversion

# Class Name	Hit Dice	Type				Abbreviation	Max Level	Source Page		Define						Combat bonus							Save bonus																															Modify VAR
CLASS:Guardian	HD:10		TYPE:Base.Advanced	ABB:Gua		MAXLEVEL:10	SOURCEPAGE:p.79	DEFINE:Reputation|0	DEFINE:Wealth|0	BONUS:COMBAT|BASEAB|classlevel("APPLIEDAS=NONEPIC")	BONUS:SAVE|BASE.Fortitude|(classlevel("APPLIEDAS=NONEPIC")+3)*2/5	BONUS:SAVE|BASE.Reflex|(classlevel("APPLIEDAS=NONEPIC")+3)*2/5	BONUS:SAVE|BASE.Will|classlevel("APPLIEDAS=NONEPIC")/3	BONUS:VAR|ClassDefense|(CL+1)/2	BONUS:VAR|Reputation|(CL-1)/4	BONUS:VAR|ActionLVL|CL	BONUS:VAR|Action|6+(CL/2)
# Class Name	Required Feat										Required Skill				PRETOTALAB
CLASS:Guardian	PREFEAT:1,Archaic Weapons Proficiency,Personal Firearms Proficiency	PRESKILL:1,Knowledge (Tactics)=3	PRETOTALAB:3
# Class Name	Skill Pts/Lvl	Class Skill
CLASS:Guardian	STARTSKILLPTS:3	CSKILL:Demolitions|Drive|Intimidate|Jump|Knowledge (Tactics)|Knowledge (Current Events)|Knowledge (Mutant Lore)|Listen|Ride|Sense Motive|Spot|Survival
###Block:
1						BONUS:ABILITYPOOL|Guardian Feat|(CL/3)

###Block:
1	ABILITY:Guardian Class Feature|AUTOMATIC|Guardian ~ Defender (+%)|defendLvl										BONUS:VAR|defendLvl|2	DEFINE:defendLvl|0
4	ABILITY:Guardian Class Feature|AUTOMATIC|Guardian ~ Tactical Aid												BONUS:VAR|tactAid|1	DEFINE:tactAid|0
10	ABILITY:Guardian Class Feature|AUTOMATIC|Guardian ~ Raider Bane
###Block:
2	BONUS:ABILITYPOOL|Weapon Focus|1
5	BONUS:ABILITYPOOL|Weapon Specialization|1
7														
8	BONUS:ABILITYPOOL|Greater Weapon Specialization|1

# Class Name	Hit Dice	Type				Abbreviation	Max Level	Source Page		Define						Combat bonus							Save bonus																															Modify VAR
CLASS:Juju Doctor	HD:8		TYPE:Base.Advanced	ABB:JujuD		MAXLEVEL:10	SOURCEPAGE:p.81	DEFINE:Reputation|0	DEFINE:Wealth|0	BONUS:COMBAT|BASEAB|classlevel("APPLIEDAS=NONEPIC")/2	BONUS:SAVE|BASE.Fortitude|classlevel("APPLIEDAS=NONEPIC")/2+2	BONUS:SAVE|BASE.Reflex|classlevel("APPLIEDAS=NONEPIC")/3	BONUS:SAVE|BASE.Will|(classlevel("APPLIEDAS=NONEPIC")+3)*2/5	BONUS:VAR|ClassDefense|(CL+1)/2	BONUS:VAR|Reputation|1+(CL/3)	BONUS:VAR|ActionLVL|CL	BONUS:VAR|Action|6+(CL/2)
# Class Name	Required Feat		Required Skill			PRETOTALAB
CLASS:Juju Doctor	PREFEAT:1,Juju Medicine	PRESKILL:1,Treat Injury=6	PRETOTALAB:1
# Class Name	Skill Pts/Lvl	Class Skill
CLASS:Juju Doctor	STARTSKILLPTS:7	CSKILL:Bluff|Concentration|Decipher Script|Diplomacy|Gather Information|Intimidate|Knowledge (Behavioral Sciences)|Knowledge (Earth and Life Sciences)|Knowledge (Mutant Lore)|Knowledge (Technology)|Listen|TYPE=Perform|Read/Write Language|Research|Sense Motive|Speak Language|Spot
1	BONUS:ABILITYPOOL|Juju Doctor Feat|(CL/3)
###Block:
1	ABILITY:Juju Doctor Class Feature|AUTOMATIC|Juju Doctor ~ Juju Specialist
2	ABILITY:Juju Doctor Class Feature|AUTOMATIC|Juju Doctor ~ Brew Potion	
2	ABILITY:Juju Doctor Class Feature|AUTOMATIC|Juju Doctor ~ Expert Healer
4	ABILITY:Juju Doctor Class Feature|AUTOMATIC|Juju Doctor ~ Juju Mastery
7	ABILITY:Juju Doctor Class Feature|AUTOMATIC|Juju Doctor ~ Potion Mastery
10	ABILITY:Juju Doctor Class Feature|AUTOMATIC|Juju Doctor ~ Juju Miracle

# Class Name	Hit Dice	Type				Abbreviation	Max Level	Source Page		Define						Combat bonus							Save bonus																															Modify VAR
CLASS:Psionic	HD:8		TYPE:Base.Advanced	ABB:Psi		MAXLEVEL:10	SOURCEPAGE:p.83	DEFINE:Reputation|0	DEFINE:Wealth|0	BONUS:COMBAT|BASEAB|classlevel("APPLIEDAS=NONEPIC")/2	BONUS:SAVE|BASE.Fortitude|classlevel("APPLIEDAS=NONEPIC")/2+2	BONUS:SAVE|BASE.Reflex|classlevel("APPLIEDAS=NONEPIC")/3	BONUS:SAVE|BASE.Will|(classlevel("APPLIEDAS=NONEPIC")+3)*2/5	BONUS:VAR|ClassDefense|(CL+1)/2	BONUS:VAR|Reputation|1+(CL/3)	BONUS:VAR|ActionLVL|CL	BONUS:VAR|Action|6+(CL/2)
# Class Name	Required Ability																		Required Skill					PRETOTALAB
CLASS:Psionic	PREABILITY:1,CATEGORY=Mutation,Neural Mutation - Precognition,Neural Mutation - Telepathy,Neural Mutation - Telekinesis	PRESKILL:1,Knowledge (Mutant Lore)=6	PRETOTALAB:1
# Class Name	Skill Pts/Lvl	Class Skill
CLASS:Psionic	STARTSKILLPTS:5	CSKILL:Bluff|Concentration|Diplomacy|Intimidate|Knowledge (Mutant Lore)|Listen|Search|Sense Motive|Spot|Survival
1	ABILITY:Psionic Class Feature|AUTOMATIC|Psionic ~ Neural Specialization
###Block:
2	BONUS:ABILITYPOOL|Psionic Neural Feat|((CL+1)/3)
3	BONUS:ABILITYPOOL|Psionic Feat|(CL/3)
4	BONUS:ABILITYPOOL|Mutations|((CL-1)/3)

# Class Name	Hit Dice	Type				Abbreviation	Max Level	Source Page		Define						Combat bonus							Save bonus																															Modify VAR
CLASS:Raider	HD:10		TYPE:Base.Advanced	ABB:Rai		MAXLEVEL:10	SOURCEPAGE:p.84	DEFINE:Reputation|0	DEFINE:Wealth|0	BONUS:COMBAT|BASEAB|classlevel("APPLIEDAS=NONEPIC")	BONUS:SAVE|BASE.Fortitude|(classlevel("APPLIEDAS=NONEPIC")+3)*2/5	BONUS:SAVE|BASE.Reflex|(classlevel("APPLIEDAS=NONEPIC")+3)*2/5	BONUS:SAVE|BASE.Will|classlevel("APPLIEDAS=NONEPIC")/3	BONUS:VAR|ClassDefense|(CL+1)/2	BONUS:VAR|Reputation|1+(CL/3)	BONUS:VAR|ActionLVL|CL	BONUS:VAR|Action|6+(CL/2)
# Class Name	Required Feat										Required Skill		PRETOTALAB
CLASS:Raider	PREFEAT:1,Archaic Weapons Proficiency,Personal Firearms Proficiency	PRESKILL:1,Intimidate=3	PRETOTALAB:3
# Class Name	Skill Pts/Lvl	Class Skill
CLASS:Raider	STARTSKILLPTS:3	CSKILL:Climb|Drive|Gather Information|Intimidate|Jump|Knowledge (Tactics)|Knowledge (Current Events)|Ride|Survival
1	BONUS:ABILITYPOOL|Raider Feat|(CL/3)
###Block:
1	ABILITY:Raider Class Feature|AUTOMATIC|Raider ~ Chaps and Chains
2	ABILITY:Raider Class Feature|AUTOMATIC|Raider ~ Bloodthirsty Cry
5	ABILITY:Raider Class Feature|AUTOMATIC|Raider ~ Horrifying Kill
7	ABILITY:Raider Class Feature|AUTOMATIC|Raider ~ No Survivors
10	ABILITY:Raider Class Feature|AUTOMATIC|Raider ~ Death Cry

# Class Name		Hit Dice	Type				Abbreviation	Max Level	Source Page		Define						Combat bonus							Save bonus																															Modify VAR
CLASS:Road Warrior	HD:10		TYPE:Base.Advanced	ABB:RdWar		MAXLEVEL:10	SOURCEPAGE:p.86	DEFINE:Reputation|0	DEFINE:Wealth|0	BONUS:COMBAT|BASEAB|classlevel("APPLIEDAS=NONEPIC")	BONUS:SAVE|BASE.Fortitude|(classlevel("APPLIEDAS=NONEPIC")+3)*2/5	BONUS:SAVE|BASE.Reflex|(classlevel("APPLIEDAS=NONEPIC")+3)*2/5	BONUS:SAVE|BASE.Will|classlevel("APPLIEDAS=NONEPIC")/3	BONUS:VAR|ClassDefense|(CL+1)/2	BONUS:VAR|Reputation|1+(CL/3)	BONUS:VAR|ActionLVL|CL	BONUS:VAR|Action|6+(CL/2)
# Class Name		Required Feat			Required Skill			PRETOTALAB
CLASS:Road Warrior	PREFEAT:1,Vehicle Expert	PRESKILL:2,Repair=6,Drive=6	PRETOTALAB:2
# Class Name		Skill Pts/Lvl	Class Skill
CLASS:Road Warrior	STARTSKILLPTS:3	CSKILL:Balance|Climb|Concentration|Drive|Intimidate|Jump|Knowledge (Tactics)|Knowledge (Technology)|Pilot|Repair|Spot|Survival|Tumble
1	BONUS:ABILITYPOOL|Road Warrior Feat|(CL/3)
###Block:
1	ABILITY:Road Warrior Class Feature|AUTOMATIC|Road Warrior ~ Boarding Party
2	ABILITY:Road Warrior Class Feature|AUTOMATIC|Road Warrior ~ Offensive Driving
4	ABILITY:Road Warrior Class Feature|AUTOMATIC|Road Warrior ~ Vehicular Evasion
5	ABILITY:Road Warrior Class Feature|AUTOMATIC|Road Warrior ~ Master Mechanic									BONUS:SKILL|Repair|4|TYPE=Competence
7	ABILITY:Road Warrior Class Feature|AUTOMATIC|Road Warrior ~ Improved Sideswipe
8	ABILITY:Road Warrior Class Feature|AUTOMATIC|Road Warrior ~ Improved Hardness
10	ABILITY:Road Warrior Class Feature|AUTOMATIC|Road Warrior ~ Improved Ramming

# Class Name	Hit Dice	Type				Abbreviation	Max Level	Source Page		Define						Combat bonus								Save bonus																															Modify VAR
CLASS:Scav		HD:10		TYPE:Base.Advanced	ABB:Scav		MAXLEVEL:10	SOURCEPAGE:p.88	DEFINE:Reputation|0	DEFINE:Wealth|0	BONUS:COMBAT|BASEAB|(classlevel("APPLIEDAS=NONEPIC")*3/4)	BONUS:SAVE|BASE.Fortitude|(classlevel("APPLIEDAS=NONEPIC")+3)*2/5	BONUS:SAVE|BASE.Reflex|(classlevel("APPLIEDAS=NONEPIC")+3)*2/5	BONUS:SAVE|BASE.Will|classlevel("APPLIEDAS=NONEPIC")/3	BONUS:VAR|ClassDefense|((CL+1)*2)/3	BONUS:VAR|Reputation|(CL-1)/4	BONUS:VAR|ActionLVL|CL	BONUS:VAR|Action|6+(CL/2)
# Class Name	Required Feat			Required Skill				PRETOTALAB
CLASS:Scav		PREFEAT:1,Radiation Sense	PRESKILL:2,Survival=6,Search=6	PRETOTALAB:2
# Class Name	Skill Pts/Lvl	Class Skill
CLASS:Scav		STARTSKILLPTS:5	CSKILL:Bluff|Decipher Script|Disable Device|Drive|Escape Artist|Gather Information|Hide|Knowledge (Current Events)|Knowledge (Mutant Lore)|Knowledge (Technology)|Move Silently|Navigate|Repair|Search|Spot|Survival
1	BONUS:ABILITYPOOL|Scav Feat|(CL/3)
###Block:
1	ABILITY:Scav Class Feature|AUTOMATIC|Scav ~ Scav Scan
2	ABILITY:Scav Class Feature|AUTOMATIC|Scav ~ Sneak Attack
4	ABILITY:Scav Class Feature|AUTOMATIC|Scav ~ Scav Survival
7	ABILITY:Scav Class Feature|AUTOMATIC|Scav ~ Feign Death
10	ABILITY:Scav Class Feature|AUTOMATIC|Scav ~ Shadow in the Open

# Class Name	Hit Dice	Type				Abbreviation	Max Level	Source Page		Define						Combat bonus								Save bonus																															Modify VAR
CLASS:Scholar	HD:6		TYPE:Base.Advanced	ABB:Sch		MAXLEVEL:10	SOURCEPAGE:p.89	DEFINE:Reputation|0	DEFINE:Wealth|0	BONUS:COMBAT|BASEAB|(classlevel("APPLIEDAS=NONEPIC")/2)	BONUS:SAVE|BASE.Fortitude|classlevel("APPLIEDAS=NONEPIC")/3	BONUS:SAVE|BASE.Reflex|(classlevel("APPLIEDAS=NONEPIC")+3)*2/5	BONUS:SAVE|BASE.Will|(classlevel("APPLIEDAS=NONEPIC")+3)*2/5	BONUS:VAR|ClassDefense|(CL+1)/2	BONUS:VAR|Reputation|1+((CL-1)/3)	BONUS:VAR|ActionLVL|CL	BONUS:VAR|Action|6+(CL/2)
# Class Name	Required Skill					PRETOTALAB
CLASS:Scholar	PRESKILL:2,TYPE.Knowledge=6,Research=6	PRETOTALAB:1
# Class Name	Skill Pts/Lvl	Class Skill
CLASS:Scholar	STARTSKILLPTS:7	CSKILL:Computer Use|TYPE=Craft|Decipher Script|Drive|Gather Information|TYPE=Knowledge|Navigate|Read/Write Language|Repair|Research|Search|Speak Language|Spot
1	BONUS:ABILITYPOOL|Scholar Ancient Secret|((CL+2)/3)
3	BONUS:ABILITYPOOL|Scholar Feat|(CL/3)
###Block:
2	ABILITY:Scholar Class Feature|AUTOMATIC|Scholar ~ Gossip
5	ABILITY:Scholar Class Feature|AUTOMATIC|Scholar ~ Confusing Tirade
8	ABILITY:Scholar Class Feature|AUTOMATIC|Scholar ~ Protected By Code

# Class Name	Hit Dice	Type				Abbreviation	Max Level	Source Page		Define						Combat bonus								Save bonus																														Modify VAR
CLASS:Skulk		HD:8		TYPE:Base.Advanced	ABB:Sku		MAXLEVEL:10	SOURCEPAGE:p.92	DEFINE:Reputation|0	DEFINE:Wealth|0	BONUS:COMBAT|BASEAB|(classlevel("APPLIEDAS=NONEPIC")*3/4)	BONUS:SAVE|BASE.Fortitude|classlevel("APPLIEDAS=NONEPIC")/3	BONUS:SAVE|BASE.Reflex|(classlevel("APPLIEDAS=NONEPIC")+3)*2/5	BONUS:SAVE|BASE.Will|classlevel("APPLIEDAS=NONEPIC")/3	BONUS:VAR|ClassDefense|((CL+1)*2)/3	BONUS:VAR|Reputation|(CL-1)/4	BONUS:VAR|ActionLVL|CL	BONUS:VAR|Action|6+(CL/2)
# Class Name	Required Skill							PRETOTALAB
CLASS:Skulk		PRESKILL:3,Hide=6,Move Silently=6,Sleight of Hand=6	PRETOTALAB:2
# Class Name	Skill Pts/Lvl	Class Skill
CLASS:Skulk		STARTSKILLPTS:5	CSKILL:Balance|Bluff|Climb|Disguise|Disable Device|Escape Artist|Gather Information|Hide|Jump|Knowledge (Current Events)|Knowledge (Business)|Knowledge (Streetwise)|Listen|Move Silently|Read/Write Language|Search|Sleight of Hand|Speak Language|Spot|Tumble
1	BONUS:ABILITYPOOL|Skulk Feat|(CL/3)
4	BONUS:ABILITYPOOL|Skill Mastery|1
###Block:
1	ABILITY:Skulk Class Feature|AUTOMATIC|Skulk ~ Sweep
2	ABILITY:Skulk Class Feature|AUTOMATIC|Skulk ~ Sneak Attack
7	ABILITY:Skulk Class Feature|AUTOMATIC|Skulk ~ Improved Sweep
10	ABILITY:Skulk Class Feature|AUTOMATIC|Skulk ~ Without a Trace

# Class Name			Product Identity?	Hit Dice	Type				Abbreviation	Max Level	Source Page		Define						Combat bonus							Save bonus																																Modify VAR
CLASS:Sister of the Desert	NAMEISPI:YES	HD:8		TYPE:Base.Advanced	ABB:SotD		MAXLEVEL:10	SOURCEPAGE:p.93	DEFINE:Reputation|0	DEFINE:Wealth|0	BONUS:COMBAT|BASEAB|classlevel("APPLIEDAS=NONEPIC")	BONUS:SAVE|BASE.Fortitude|(classlevel("APPLIEDAS=NONEPIC")+3)*2/5	BONUS:SAVE|BASE.Reflex|(classlevel("APPLIEDAS=NONEPIC")+3)*2/5	BONUS:SAVE|BASE.Will|(classlevel("APPLIEDAS=NONEPIC")+3)*2/5	BONUS:VAR|ClassDefense|((CL+1)/2)	BONUS:VAR|Reputation|2+((CL-1)/3)	BONUS:VAR|ActionLVL|CL	BONUS:VAR|Action|6+(CL/2)
# Class Name			Required Feat		Required Gender	Required Skill							PRETOTALAB
CLASS:Sister of the Desert	PREFEAT:1,Concubine	PREGENDER:F		PRESKILL:1,Survival=6	PRESKILL:1,Treat Injury=3	PRETOTALAB:2
# Class Name			Skill Pts/Lvl	Class Skill
CLASS:Sister of the Desert	STARTSKILLPTS:5	CSKILL:Bluff|Climb|Diplomacy|Escape Artist|Handle Animal|Hide|Move Silently|Ride|Sense Motive|Spot|Survival|Treat Injury|Tumble
1	BONUS:ABILITYPOOL|Sister of the Desert Feat|(CL/3)
###Block:
1	ABILITY:Sister of the Desert Class Feature|AUTOMATIC|Sister of the Desert ~ Persuade
2	ABILITY:Sister of the Desert Class Feature|AUTOMATIC|Sister of the Desert ~ Natural Healing
4	ABILITY:Sister of the Desert Class Feature|AUTOMATIC|Sister of the Desert ~ Go For The "Eyes"
5	ABILITY:Sister of the Desert Class Feature|AUTOMATIC|Sister of the Desert ~ Fascinate
7	ABILITY:Sister of the Desert Class Feature|AUTOMATIC|Sister of the Desert ~ Inspire Rebellion
8	ABILITY:Sister of the Desert Class Feature|AUTOMATIC|Sister of the Desert ~ Male Fear
10	ABILITY:Sister of the Desert Class Feature|AUTOMATIC|Sister of the Desert ~ Leave No One Behind

# Class Name	Hit Dice	Type				Abbreviation	Max Level	Source Page		Define						Combat bonus							Save bonus																															Modify VAR
CLASS:Survivalist	HD:10		TYPE:Base.Advanced	ABB:Surv		MAXLEVEL:10	SOURCEPAGE:p.96	DEFINE:Reputation|0	DEFINE:Wealth|0	BONUS:COMBAT|BASEAB|classlevel("APPLIEDAS=NONEPIC")	BONUS:SAVE|BASE.Fortitude|(classlevel("APPLIEDAS=NONEPIC")+3)*2/5	BONUS:SAVE|BASE.Reflex|(classlevel("APPLIEDAS=NONEPIC")+3)*2/5	BONUS:SAVE|BASE.Will|classlevel("APPLIEDAS=NONEPIC")/3	BONUS:VAR|ClassDefense|((CL+1)/2)	BONUS:VAR|Reputation|((CL-1)/3)	BONUS:VAR|ActionLVL|CL	BONUS:VAR|Action|6+(CL/2)
# Class Name	Required Feat	Required Skill				PRETOTALAB
CLASS:Survivalist	PREFEAT:1,Track	PRESKILL:1,Survival=6,Navigate=6	PRETOTALAB:2
# Class Name	Skill Pts/Lvl	Class Skill
CLASS:Survivalist	STARTSKILLPTS:5	CSKILL:Climb|Handle Animal|Hide|Jump|Knowledge (Earth and Life Sciences)|Knowledge (Mutant Lore)|Knowledge (Twisted Earth)|Listen|Navigate|Ride|Spot|Survival|Treat Injury
1	BONUS:ABILITYPOOL|Survivalist Feat|(CL/3)
2	BONUS:ABILITYPOOL|Survivalist Region|(CL+4)/6
###Block:
1	ABILITY:Survivalist Class Feature|AUTOMATIC|Survivalist ~ Called Shot
4	ABILITY:Survivalist Class Feature|AUTOMATIC|Survivalist ~ Hunter
7	ABILITY:Survivalist Class Feature|AUTOMATIC|Survivalist ~ Superior Camouflage
#TODO: Survivalist can take a Survivalist Region in place of a bonus feat

# Class Name	Hit Dice	Type				Abbreviation	Max Level	Source Page		Define						Combat bonus								Save bonus																															Modify VAR
CLASS:Symbiote	HD:8		TYPE:Base.Advanced	ABB:Symb		MAXLEVEL:10	SOURCEPAGE:p.99	DEFINE:Reputation|0	DEFINE:Wealth|0	BONUS:COMBAT|BASEAB|(classlevel("APPLIEDAS=NONEPIC")*3/4)	BONUS:SAVE|BASE.Fortitude|(classlevel("APPLIEDAS=NONEPIC")+3)*2/5	BONUS:SAVE|BASE.Reflex|classlevel("APPLIEDAS=NONEPIC")/3	BONUS:SAVE|BASE.Will|(classlevel("APPLIEDAS=NONEPIC")+3)*2/5	BONUS:VAR|ClassDefense|CL/2	BONUS:VAR|Reputation|(CL-1)/3	BONUS:VAR|ActionLVL|CL	BONUS:VAR|Action|6+(CL/2)	DEFINE:SymbioteLVL|0	BONUS:VAR|SymbioteLVL|CL
# Class Name	Required Feat			Required Skill					PRETOTALAB
CLASS:Symbiote	PREFEAT:1,Animal Affinity	PRESKILL:2,Handle Animal=6,Survival=6	PRETOTALAB:2
# Class Name	Skill Pts/Lvl	Class Skill
CLASS:Symbiote	STARTSKILLPTS:3	CSKILL:Handle Animal|Knowledge (Earth and Life Sciences)|Knowledge (Mutant Lore)|Listen|Navigate|Ride|Sense Motive|Spot|Survival|Treat Injury
1	BONUS:ABILITYPOOL|Symbiote Feat|(CL/3)
###Block:
1	BONUS:VAR|AnimalCompanionLVL|SymbioteLVL
###Block:
1	ABILITY:Talent|AUTOMATIC|Animal Partner
2	ABILITY:Symbiote Class Feature|AUTOMATIC|Symbiote ~ Opportunist
5	ABILITY:Symbiote Class Feature|AUTOMATIC|Symbiote ~ Bond of Friendship
8	ABILITY:Symbiote Class Feature|AUTOMATIC|Symbiote ~ Ranged Opportunist

# Class Name	Hit Dice	Type				Abbreviation	Max Level	Source Page		Define						Combat bonus								Save bonus																													Modify VAR
CLASS:Tinker	HD:6		TYPE:Base.Advanced	ABB:Tin		MAXLEVEL:10	SOURCEPAGE:p.101	DEFINE:Reputation|0	DEFINE:Wealth|0	BONUS:COMBAT|BASEAB|(classlevel("APPLIEDAS=NONEPIC")/2)	BONUS:SAVE|BASE.Fortitude|classlevel("APPLIEDAS=NONEPIC")/3	BONUS:SAVE|BASE.Reflex|classlevel("APPLIEDAS=NONEPIC")/3	BONUS:SAVE|BASE.Will|classlevel("APPLIEDAS=NONEPIC")/2+2	BONUS:VAR|ClassDefense|(CL+1)/2	BONUS:VAR|Reputation|1+((CL-1)/3)	BONUS:VAR|ActionLVL|CL	BONUS:VAR|Action|6+(CL/2)
# Class Name	Required Skill									PRETOTALAB
CLASS:Tinker	PRESKILL:3,Disable Device=6,Knowledge (Technology)=6,Repair=6	PRETOTALAB:1
# Class Name	Skill Pts/Lvl	Class Skill
CLASS:Tinker	STARTSKILLPTS:7	CSKILL:Computer Use|Craft (Electronic)|Craft (Mechanical)|Craft (Structural)|Decipher Script|Demolitions|Disable Device|Drive|Knowledge (Physical Sciences)|Knowledge (Technology)|Knowledge (Ancient Lore)|Navigate|Read/Write Language|Repair|Research|Speak Language|Spot
1	BONUS:ABILITYPOOL|Tinker Feat|(CL/3)
###Block:
1	ABILITY:Tinker Class Feature|AUTOMATIC|Tinker ~ Jury-Rig
2	ABILITY:Tinker Class Feature|AUTOMATIC|Tinker ~ Tinkering
4	ABILITY:Tinker Class Feature|AUTOMATIC|Tinker ~ Tech Weapon
5	ABILITY:Tinker Class Feature|AUTOMATIC|Tinker ~ Tinkercraft
8	ABILITY:Tinker Class Feature|AUTOMATIC|Tinker ~ Smart Weapon
10	ABILITY:Tinker Class Feature|AUTOMATIC|Tinker ~ Improved Tinkering

# Class Name	Hit Dice	Type				Abbreviation	Max Level	Source Page		Define						Combat bonus								Save bonus																														Modify VAR
CLASS:Trader	HD:6		TYPE:Base.Advanced	ABB:Tra		MAXLEVEL:10	SOURCEPAGE:p.104	DEFINE:Reputation|0	DEFINE:Wealth|0	BONUS:COMBAT|BASEAB|(classlevel("APPLIEDAS=NONEPIC")/2)	BONUS:SAVE|BASE.Fortitude|classlevel("APPLIEDAS=NONEPIC")/3	BONUS:SAVE|BASE.Reflex|classlevel("APPLIEDAS=NONEPIC")/3	BONUS:SAVE|BASE.Will|(classlevel("APPLIEDAS=NONEPIC")+3)*2/5	BONUS:VAR|ClassDefense|(CL+1)/2	BONUS:VAR|Reputation|1+((CL-1)/3)	BONUS:VAR|ActionLVL|CL	BONUS:VAR|Action|6+(CL/2)
# Class Name	Required Skill						PRETOTALAB
CLASS:Trader	PRESKILL:2,Diplomacy=6,Gather Information=3	PRETOTALAB:1
# Class Name	Skill Pts/Lvl	Class Skill
CLASS:Trader	STARTSKILLPTS:7	CSKILL:Bluff|Drive|Diplomacy|Forgery|Gather Information|Handle Animal|Intimidate|Knowledge (Business)|Knowledge (Current Events)|Navigate|Ride|Search|Sense Motive|Speak Language|Spot
1	BONUS:ABILITYPOOL|Trader Feat|(CL/3)
###Block:
1	ABILITY:Trader Class Feature|AUTOMATIC|Trader ~ Ear to the Ground
2	ABILITY:Trader Class Feature|AUTOMATIC|Trader ~ Money Talks
4	ABILITY:Trader Class Feature|AUTOMATIC|Trader ~ Going Once Going Twice
5	ABILITY:Trader Class Feature|AUTOMATIC|Trader ~ Read the Signs
7	ABILITY:Trader Class Feature|AUTOMATIC|Trader ~ Sucker Born Every Minute
8	ABILITY:Trader Class Feature|AUTOMATIC|Trader ~ Leadership
10	ABILITY:Trader Class Feature|AUTOMATIC|Trader ~ Professional Courtesy
