# CVS $Revision: 25130 $ $Author: amaitland $ -- Wed Sep  3 00:18:24 2014 -- reformated by prettylst.pl v1.51 (build 24947)
SOURCELONG:Darwin's World 2nd Edition - Survivor's Guide (v2.5)	SOURCESHORT:DW2_SG	SOURCEWEB:http://www.rpgobjects.com/index.php?page=dw	SOURCEDATE:2006-01

# DW2 & MSRD Armor
# Equipment Name			Output Name				Required Shield Proficiency	Type								Contains			Cost		Weight	AC Penalty Check	Modifier																				Maximum DEX Bonus	Source Page		Combat bonus																	Stat bonus												Special Property																Auto Equip
Leather Jacket.MOD																								COST:25
Leather Armor.MOD																									COST:40
Light Undercover Shirt.MOD																							COST:50
Pull-up Pouch Vest.MOD																								COST:75
Undercover Vest.MOD																								COST:100

#Medium Armor NonProf=+2
Concealable Vest.MOD																								COST:120
Chainmail Shirt.MOD																								COST:120
Light-Duty Vest.MOD																								COST:200
Civil Security Suit												TYPE:Armor.Medium.Suit.Tactical							COST:200	WT:8		ACCHECK:-4																							MAXDEX:3		SOURCEPAGE:p.193	BONUS:COMBAT|AC|2|TYPE=Armor.STACK	BONUS:COMBAT|AC|3|TYPE=Armor.STACK|PREFEAT:1,Armor Proficiency (Medium)
Tactical Vest.MOD																									COST:300
Military Combat Suit												TYPE:Armor.Medium.Suit.Tactical							COST:400	WT:10		ACCHECK:-4																							MAXDEX:3		SOURCEPAGE:p.193	BONUS:COMBAT|AC|2|TYPE=Armor.STACK	BONUS:COMBAT|AC|4|TYPE=Armor.STACK|PREFEAT:1,Armor Proficiency (Medium)

#Heavy Armor nonprof=+3
Environment Suit													TYPE:Armor.Heavy.Suit.Impromptu							COST:500	WT:100	ACCHECK:-7																							MAXDEX:0		SOURCEPAGE:p.193	BONUS:COMBAT|AC|3|TYPE=Armor.STACK	BONUS:COMBAT|AC|4|TYPE=Armor.STACK|PREFEAT:1,Armor Proficiency (Heavy)															SPROP:Integral Flashlight, Radiation (Hard) Protection, 12 hour air supply (recharge takes 30 min)
NBC Suit														TYPE:Armor.Heavy.Suit.Impromptu							COST:600	WT:50		ACCHECK:-6																							MAXDEX:1		SOURCEPAGE:p.193	BONUS:COMBAT|AC|3|TYPE=Armor.STACK	BONUS:COMBAT|AC|4|TYPE=Armor.STACK|PREFEAT:1,Armor Proficiency (Heavy)															SPROP:Protection from - Chemical Agents, Biological Agents and Radiation (Moderate)
LazAb															TYPE:Armor.Heavy.Suit.Tactical							COST:1000	WT:50		ACCHECK:-7																							MAXDEX:0		SOURCEPAGE:p.193	BONUS:COMBAT|AC|3|TYPE=Armor.STACK	BONUS:COMBAT|AC|4|TYPE=Armor.STACK|PREFEAT:1,Armor Proficiency (Heavy)															SPROP:Provides DR 10 vs. Directed Energy (Laser, Maser, etc.)
Special Response Vest.MOD																							COST:2000
Plate Mail.MOD																									COST:1500
Forced Entry Unit.MOD																								COST:4000
Special Security Suit												TYPE:Armor.Heavy.Suit.Tactical							COST:4000	WT:20		ACCHECK:-8																							MAXDEX:0		SOURCEPAGE:p.193	BONUS:COMBAT|AC|3|TYPE=Armor.STACK	BONUS:COMBAT|AC|9|TYPE=Armor.STACK|PREFEAT:1,Armor Proficiency (Heavy)																																	AUTO:EQUIP|Web Belt
Advanced Metal													TYPE:Armor.Heavy.Suit.Tactical							COST:7500	WT:50		ACCHECK:-6																							MAXDEX:0		SOURCEPAGE:p.193	BONUS:COMBAT|AC|3|TYPE=Armor.STACK	BONUS:COMBAT|AC|9|TYPE=Armor.STACK|PREFEAT:1,Armor Proficiency (Heavy)															SPROP:Superior materials/alloys
Plastex														TYPE:Armor.Heavy.Suit.Tactical							COST:10000	WT:30		ACCHECK:-5																							MAXDEX:2		SOURCEPAGE:p.193	BONUS:COMBAT|AC|3|TYPE=Armor.STACK	BONUS:COMBAT|AC|10|TYPE=Armor.STACK|PREFEAT:1,Armor Proficiency (Heavy)															SPROP:Custom Fit

#Powered Armor nonprof=+3
Mk1 Ares									PROFICIENCY:ARMOR|Powered	TYPE:Armor.Powered.Suit.Tactical.Container	CONTAINS:1|PwrMini=1	COST:20000	WT:30		ACCHECK:-7		EQMOD:AIR_SUPP_ARMR.BASE_MV_20.COMM_SYS_ARMR.HAZ_MAT_ARMR.N_VIS120_ARMR										MAXDEX:0		SOURCEPAGE:p.196	BONUS:COMBAT|AC|3|TYPE=Armor.STACK	BONUS:COMBAT|AC|7|TYPE=Armor.STACK|PREFEAT:1,Armor Proficiency (Powered)	BONUS:STAT|STR|2	BONUS:STAT|STR|3|PREFEAT:1,Armor Proficiency (Powered)
Mk2 Ares									PROFICIENCY:ARMOR|Powered					TYPE:Armor.Powered.Suit.Tactical.Container	CONTAINS:1|PwrMini=1	COST:40000	WT:18		ACCHECK:-3		EQMOD:AIR_SUPP_ARMR.BASE_MV_25.COMM_SYS_ARMR.GPRO_MOD_ARMR.HAZ_MAT_ARMR.N_VIS120_ARMR							MAXDEX:3		SOURCEPAGE:p.196	BONUS:COMBAT|AC|3|TYPE=Armor.STACK	BONUS:COMBAT|AC|7|TYPE=Armor.STACK|PREFEAT:1,Armor Proficiency (Powered)	BONUS:STAT|STR|2	BONUS:STAT|STR|2|PREFEAT:1,Armor Proficiency (Powered)	SPROP:Weapon Mount - Wrist (Medium Weapon or smaller)
Mk3 Ares									PROFICIENCY:ARMOR|Powered					TYPE:Armor.Powered.Suit.Tactical.Container	CONTAINS:1|PwrMini=1	COST:40000	WT:18		ACCHECK:-3		EQMOD:AIR_SUPP_ARMR.BASE_MV_25.COMM_SYS_ARMR.GPRO_MOD_ARMR.HAZ_MAT_ARMR.N_VIS120_ARMR							MAXDEX:3		SOURCEPAGE:p.196	BONUS:COMBAT|AC|3|TYPE=Armor.STACK	BONUS:COMBAT|AC|7|TYPE=Armor.STACK|PREFEAT:1,Armor Proficiency (Powered)	BONUS:STAT|STR|2	BONUS:STAT|STR|2|PREFEAT:1,Armor Proficiency (Powered)	SPROP:Weapon Mount - Shoulder (Huge Weapon or smaller)
Mk1 Hermes									PROFICIENCY:ARMOR|Powered					TYPE:Armor.Powered.Suit.Tactical.Container	CONTAINS:1|PwrMini=1	COST:50000	WT:8		ACCHECK:-6		EQMOD:AIR_SUPP_ARMR.BASE_MV_70.CHEM_SEN_ARMR.COMM_SYS_ARMR.GEIGER_ARMR.HAZ_MAT_ARMR.N_VIS120_ARMR.TELE_VIS_ARMR			MAXDEX:0		SOURCEPAGE:p.196	BONUS:COMBAT|AC|3|TYPE=Armor.STACK	BONUS:COMBAT|AC|4|TYPE=Armor.STACK|PREFEAT:1,Armor Proficiency (Powered)	BONUS:STAT|STR|1	BONUS:STAT|STR|1|PREFEAT:1,Armor Proficiency (Powered)
Mk2 Hermes									PROFICIENCY:ARMOR|Powered					TYPE:Armor.Powered.Suit.Tactical.Container	CONTAINS:1|PwrMini=1	COST:65000	WT:8		ACCHECK:-6		EQMOD:AIR_SUPP_ARMR.BASE_MV_70.CHEM_SEN_ARMR.COMM_SYS_ARMR.GEIGER_ARMR.HAZ_MAT_ARMR.N_VIS120_ARMR.TELE_VIS_ARMR.XRAY_VIS_ARMR	MAXDEX:0		SOURCEPAGE:p.196	BONUS:COMBAT|AC|3|TYPE=Armor.STACK	BONUS:COMBAT|AC|4|TYPE=Armor.STACK|PREFEAT:1,Armor Proficiency (Powered)	BONUS:STAT|STR|1	BONUS:STAT|STR|1|PREFEAT:1,Armor Proficiency (Powered)
Zeus Suit									PROFICIENCY:ARMOR|Powered					TYPE:Armor.Powered.Suit.Tactical.Container	CONTAINS:1|PwrMini=1	COST:70000	WT:20		ACCHECK:-3		EQMOD:AIR_SUPP_ARMR.BASE_MV_25.COMM_SYS_ARMR.GPRO_MOD_ARMR.HAZ_MAT_ARMR.N_VIS120_ARMR							MAXDEX:3		SOURCEPAGE:p.196	BONUS:COMBAT|AC|3|TYPE=Armor.STACK	BONUS:COMBAT|AC|7|TYPE=Armor.STACK|PREFEAT:1,Armor Proficiency (Powered)	BONUS:STAT|STR|3	BONUS:STAT|STR|5|PREFEAT:1,Armor Proficiency (Powered)	SPROP:Weapon Mount - Wrist (Medium Weapon or smaller), Weapon Mount - Shoulder (Huge Weapon or smaller)

#Shields
Shield (Impromptu)		OUTPUTNAME:Shield, [NAME]	PROFICIENCY:SHIELD|Shield	TYPE:Shield.Impromptu.Standard							COST:5	WT:6		ACCHECK:-2																										SOURCEPAGE:p.193	BONUS:COMBAT|AC|1|TYPE=Shield.STACK|PREFEAT:1,Armor Proficiency (Medium)
Shield (Small)			OUTPUTNAME:Shield, [NAME]	PROFICIENCY:SHIELD|Shield	TYPE:Shield.Small.Standard								COST:25	WT:6		ACCHECK:-1																										SOURCEPAGE:p.193	BONUS:COMBAT|AC|1|TYPE=Shield.STACK|PREFEAT:1,Armor Proficiency (Medium)
Shield (Large)			OUTPUTNAME:Shield, [NAME]	PROFICIENCY:SHIELD|Shield	TYPE:Shield.Large.Standard								COST:75	WT:15		ACCHECK:-2																										SOURCEPAGE:p.193	BONUS:COMBAT|AC|1|TYPE=Shield.STACK	BONUS:COMBAT|AC|1|TYPE=Shield.STACK|PREFEAT:1,Armor Proficiency (Medium)
Shield (Riot)			OUTPUTNAME:Shield, [NAME]	PROFICIENCY:SHIELD|Shield	TYPE:Shield.Riot.Standard								COST:100	WT:6		ACCHECK:-1		EQMOD:PLASTIC_HARD																					SOURCEPAGE:p.193	BONUS:COMBAT|AC|1|TYPE=Shield.STACK	BONUS:COMBAT|AC|2|TYPE=Shield.STACK|PREFEAT:1,Armor Proficiency (Medium)
